<?xml version="1.0" encoding="UTF-8"?>
<!-- Generated by org.testng.reporters.JUnitXMLReporter -->
<testsuite ignored="0" hostname="LAPTOP-0I2FV75B" failures="0" tests="4" name="Default test" time="62.701" errors="0" timestamp="2022-01-05T23:32:44 IST">
  <testcase classname="dataPassingUsingJXL.ExcelReadUsingJXL" name="loginWithDifferentData" time="24.076"/>
  <testcase classname="dataPassingUsingJXL.ExcelReadUsingJXL" name="loginWithDifferentData" time="14.988"/>
  <testcase classname="dataPassingUsingJXL.ExcelReadUsingJXL" name="loginWithDifferentData" time="11.233"/>
  <testcase classname="dataPassingUsingJXL.ExcelReadUsingJXL" name="loginWithDifferentData" time="12.08"/>
</testsuite> <!-- Default test -->
